# JRE version: OpenJDK Runtime Environment Corretto-11.0.16.9.1 (11.0.16.1+9) (build 11.0.16.1+9-LTS)
# Java VM: OpenJDK 64-Bit Server VM Corretto-11.0.16.9.1 (11.0.16.1+9-LTS, mixed mode, tiered, compressed oops, g1 gc, bsd-amd64)
Heap:
 garbage-first heap   total 262144K, used 141210K [0x0000000700000000, 0x0000000800000000)
  region size 1024K, 132 young (135168K), 5 survivors (5120K)
 Metaspace       used 33994K, capacity 35148K, committed 35452K, reserved 1079296K
  class space    used 4195K, capacity 4646K, committed 4736K, reserved 1048576K
GC Heap History (8 events):
Event: 1.144 GC heap before
{Heap before GC invocations=0 (full 0):
 garbage-first heap   total 262144K, used 25600K [0x0000000700000000, 0x0000000800000000)
  region size 1024K, 24 young (24576K), 0 survivors (0K)
 Metaspace       used 13579K, capacity 13913K, committed 14336K, reserved 1062912K
  class space    used 1366K, capacity 1467K, committed 1536K, reserved 1048576K
}
Event: 1.156 GC heap after
{Heap after GC invocations=1 (full 0):
 garbage-first heap   total 262144K, used 7866K [0x0000000700000000, 0x0000000800000000)
  region size 1024K, 3 young (3072K), 3 survivors (3072K)
 Metaspace       used 13579K, capacity 13913K, committed 14336K, reserved 1062912K
  class space    used 1366K, capacity 1467K, committed 1536K, reserved 1048576K
}
Event: 1.445 GC heap before
{Heap before GC invocations=1 (full 0):
 garbage-first heap   total 262144K, used 27322K [0x0000000700000000, 0x0000000800000000)
  region size 1024K, 22 young (22528K), 3 survivors (3072K)
 Metaspace       used 17323K, capacity 17856K, committed 17920K, reserved 1064960K
  class space    used 1845K, capacity 2035K, committed 2048K, reserved 1048576K
}
Event: 1.458 GC heap after
{Heap after GC invocations=2 (full 0):
 garbage-first heap   total 262144K, used 9319K [0x0000000700000000, 0x0000000800000000)
  region size 1024K, 2 young (2048K), 2 survivors (2048K)
 Metaspace       used 17323K, capacity 17856K, committed 17920K, reserved 1064960K
  class space    used 1845K, capacity 2035K, committed 2048K, reserved 1048576K
}
Event: 1.816 GC heap before
{Heap before GC invocations=2 (full 0):
 garbage-first heap   total 262144K, used 30823K [0x0000000700000000, 0x0000000800000000)
  region size 1024K, 25 young (25600K), 2 survivors (2048K)
 Metaspace       used 20445K, capacity 21182K, committed 21248K, reserved 1069056K
  class space    used 2300K, capacity 2554K, committed 2560K, reserved 1048576K
}
Event: 1.821 GC heap after
{Heap after GC invocations=3 (full 0):
 garbage-first heap   total 262144K, used 10493K [0x0000000700000000, 0x0000000800000000)
  region size 1024K, 3 young (3072K), 3 survivors (3072K)
 Metaspace       used 20445K, capacity 21182K, committed 21248K, reserved 1069056K
  class space    used 2300K, capacity 2554K, committed 2560K, reserved 1048576K
}
Event: 2.340 GC heap before
{Heap before GC invocations=4 (full 0):
 garbage-first heap   total 262144K, used 90365K [0x0000000700000000, 0x0000000800000000)
  region size 1024K, 81 young (82944K), 3 survivors (3072K)
 Metaspace       used 27357K, capacity 28200K, committed 28540K, reserved 1075200K
  class space    used 3270K, capacity 3590K, committed 3712K, reserved 1048576K
}
Event: 2.349 GC heap after
{Heap after GC invocations=5 (full 0):
 garbage-first heap   total 262144K, used 12186K [0x0000000700000000, 0x0000000800000000)
  region size 1024K, 5 young (5120K), 5 survivors (5120K)
 Metaspace       used 27357K, capacity 28200K, committed 28540K, reserved 1075200K
  class space    used 3270K, capacity 3590K, committed 3712K, reserved 1048576K
}

